<?xml version="1.0" encoding="UTF-8"?>
<TestRun id="e0464612-7b62-41a4-bc49-4300c040d7ed" name="Vladimir@VLADIMIR-PC 2016-12-23 02:57:20" runUser="Vladimir-PC\Vladimir" xmlns="http://microsoft.com/schemas/VisualStudio/TeamTest/2010">
  <TestSettings name="Локальные" id="2d257222-2a9f-40e2-bef8-b16aafb5583c">
    <Description>Это - параметры по умолчанию для локального тестового запуска.</Description>
    <Deployment enabled="false" runDeploymentRoot="Vladimir_VLADIMIR-PC 2016-12-23 02_57_20">
      <DeploymentItem filename="C:\Users\Vladimir\Desktop\БАРКОВ\CryptoLibrary\CryptoLibrary\bin\Debug\CryptoLibrary.dll" />
    </Deployment>
    <Execution>
      <TestTypeSpecific />
      <AgentRule name="Execution Agents">
      </AgentRule>
    </Execution>
  </TestSettings>
  <Times creation="2016-12-23T02:57:20.8406392+03:00" queuing="2016-12-23T02:57:21.9787043+03:00" start="2016-12-23T02:57:22.0027057+03:00" finish="2016-12-23T02:57:22.4197295+03:00" />
  <ResultSummary outcome="Completed">
    <Counters total="4" executed="4" passed="4" error="0" failed="0" timeout="0" aborted="0" inconclusive="0" passedButRunAborted="0" notRunnable="0" notExecuted="0" disconnected="0" warning="0" completed="0" inProgress="0" pending="0" />
  </ResultSummary>
  <TestDefinitions>
    <UnitTest name="EncryptDecryptLongStringElGamal" storage="c:\users\vladimir\desktop\барков\cryptolibrary\cryptolibrary.md5test\bin\debug\cryptolibrary.md5test.dll" id="2f538d63-45cb-cccd-62e4-d2b6b3a05e9a">
      <Execution id="2ef4f4ef-41d5-4783-97fa-ea391a9a3321" />
      <TestMethod codeBase="C:/Users/Vladimir/Desktop/БАРКОВ/CryptoLibrary/CryptoLibrary.MD5Test/bin/Debug/CryptoLibrary.MD5Test.DLL" adapterTypeName="Microsoft.VisualStudio.TestTools.TestTypes.Unit.UnitTestAdapter, Microsoft.VisualStudio.QualityTools.Tips.UnitTest.Adapter, Version=10.0.0.0, Culture=neutral, PublicKeyToken=b03f5f7f11d50a3a" className="CryptoLibrary.MD5Test.ElGamalTest, CryptoLibrary.MD5Test, Version=1.0.0.0, Culture=neutral, PublicKeyToken=null" name="EncryptDecryptLongStringElGamal" />
    </UnitTest>
    <UnitTest name="EncryptDecryptMD5" storage="c:\users\vladimir\desktop\барков\cryptolibrary\cryptolibrary.md5test\bin\debug\cryptolibrary.md5test.dll" id="4af888af-a773-4a38-b045-1b4ef84d010f">
      <Execution id="8b0b299e-8b09-4f08-8346-33819f1b4942" />
      <TestMethod codeBase="C:/Users/Vladimir/Desktop/БАРКОВ/CryptoLibrary/CryptoLibrary.MD5Test/bin/Debug/CryptoLibrary.MD5Test.DLL" adapterTypeName="Microsoft.VisualStudio.TestTools.TestTypes.Unit.UnitTestAdapter, Microsoft.VisualStudio.QualityTools.Tips.UnitTest.Adapter, Version=10.0.0.0, Culture=neutral, PublicKeyToken=b03f5f7f11d50a3a" className="CryptoLibrary.Tests.MD5Test, CryptoLibrary.MD5Test, Version=1.0.0.0, Culture=neutral, PublicKeyToken=null" name="EncryptDecryptMD5" />
    </UnitTest>
    <UnitTest name="EncryptDecryptShortStringElGamal" storage="c:\users\vladimir\desktop\барков\cryptolibrary\cryptolibrary.md5test\bin\debug\cryptolibrary.md5test.dll" id="302c72cd-3cc0-89f7-058d-c9f35f2c78cb">
      <Execution id="aeabd5d3-0bf3-4280-bdee-df0866d8e75c" />
      <TestMethod codeBase="C:/Users/Vladimir/Desktop/БАРКОВ/CryptoLibrary/CryptoLibrary.MD5Test/bin/Debug/CryptoLibrary.MD5Test.DLL" adapterTypeName="Microsoft.VisualStudio.TestTools.TestTypes.Unit.UnitTestAdapter, Microsoft.VisualStudio.QualityTools.Tips.UnitTest.Adapter, Version=10.0.0.0, Culture=neutral, PublicKeyToken=b03f5f7f11d50a3a" className="CryptoLibrary.MD5Test.ElGamalTest, CryptoLibrary.MD5Test, Version=1.0.0.0, Culture=neutral, PublicKeyToken=null" name="EncryptDecryptShortStringElGamal" />
    </UnitTest>
    <UnitTest name="EncryptDecryptEqualsElGamal" storage="c:\users\vladimir\desktop\барков\cryptolibrary\cryptolibrary.md5test\bin\debug\cryptolibrary.md5test.dll" id="08dc326f-08f9-b97f-4a06-d92747abf8ba">
      <Execution id="b0042168-4051-4166-bd87-29c75e01cb1f" />
      <TestMethod codeBase="C:/Users/Vladimir/Desktop/БАРКОВ/CryptoLibrary/CryptoLibrary.MD5Test/bin/Debug/CryptoLibrary.MD5Test.DLL" adapterTypeName="Microsoft.VisualStudio.TestTools.TestTypes.Unit.UnitTestAdapter, Microsoft.VisualStudio.QualityTools.Tips.UnitTest.Adapter, Version=10.0.0.0, Culture=neutral, PublicKeyToken=b03f5f7f11d50a3a" className="CryptoLibrary.MD5Test.ElGamalTest, CryptoLibrary.MD5Test, Version=1.0.0.0, Culture=neutral, PublicKeyToken=null" name="EncryptDecryptEqualsElGamal" />
    </UnitTest>
  </TestDefinitions>
  <TestLists>
    <TestList name="Отсутствующие в списке результаты" id="8c84fa94-04c1-424b-9868-57a2d4851a1d" />
    <TestList name="Все загруженные результаты" id="19431567-8539-422a-85d7-44ee4e166bda" />
  </TestLists>
  <TestEntries>
    <TestEntry testId="08dc326f-08f9-b97f-4a06-d92747abf8ba" executionId="b0042168-4051-4166-bd87-29c75e01cb1f" testListId="8c84fa94-04c1-424b-9868-57a2d4851a1d" />
    <TestEntry testId="2f538d63-45cb-cccd-62e4-d2b6b3a05e9a" executionId="2ef4f4ef-41d5-4783-97fa-ea391a9a3321" testListId="8c84fa94-04c1-424b-9868-57a2d4851a1d" />
    <TestEntry testId="302c72cd-3cc0-89f7-058d-c9f35f2c78cb" executionId="aeabd5d3-0bf3-4280-bdee-df0866d8e75c" testListId="8c84fa94-04c1-424b-9868-57a2d4851a1d" />
    <TestEntry testId="4af888af-a773-4a38-b045-1b4ef84d010f" executionId="8b0b299e-8b09-4f08-8346-33819f1b4942" testListId="8c84fa94-04c1-424b-9868-57a2d4851a1d" />
  </TestEntries>
  <Results>
    <UnitTestResult executionId="b0042168-4051-4166-bd87-29c75e01cb1f" testId="08dc326f-08f9-b97f-4a06-d92747abf8ba" testName="EncryptDecryptEqualsElGamal" computerName="VLADIMIR-PC" duration="00:00:00.0171441" startTime="2016-12-23T02:57:22.0157064+03:00" endTime="2016-12-23T02:57:22.3657264+03:00" testType="13cdc9d9-ddb5-4fa4-a97d-d965ccfc6d4b" outcome="Passed" testListId="8c84fa94-04c1-424b-9868-57a2d4851a1d" relativeResultsDirectory="b0042168-4051-4166-bd87-29c75e01cb1f">
    </UnitTestResult>
    <UnitTestResult executionId="2ef4f4ef-41d5-4783-97fa-ea391a9a3321" testId="2f538d63-45cb-cccd-62e4-d2b6b3a05e9a" testName="EncryptDecryptLongStringElGamal" computerName="VLADIMIR-PC" duration="00:00:00.0033769" startTime="2016-12-23T02:57:22.3737269+03:00" endTime="2016-12-23T02:57:22.3797272+03:00" testType="13cdc9d9-ddb5-4fa4-a97d-d965ccfc6d4b" outcome="Passed" testListId="8c84fa94-04c1-424b-9868-57a2d4851a1d" relativeResultsDirectory="2ef4f4ef-41d5-4783-97fa-ea391a9a3321">
    </UnitTestResult>
    <UnitTestResult executionId="aeabd5d3-0bf3-4280-bdee-df0866d8e75c" testId="302c72cd-3cc0-89f7-058d-c9f35f2c78cb" testName="EncryptDecryptShortStringElGamal" computerName="VLADIMIR-PC" duration="00:00:00.0005584" startTime="2016-12-23T02:57:22.3807273+03:00" endTime="2016-12-23T02:57:22.3847275+03:00" testType="13cdc9d9-ddb5-4fa4-a97d-d965ccfc6d4b" outcome="Passed" testListId="8c84fa94-04c1-424b-9868-57a2d4851a1d" relativeResultsDirectory="aeabd5d3-0bf3-4280-bdee-df0866d8e75c">
    </UnitTestResult>
    <UnitTestResult executionId="8b0b299e-8b09-4f08-8346-33819f1b4942" testId="4af888af-a773-4a38-b045-1b4ef84d010f" testName="EncryptDecryptMD5" computerName="VLADIMIR-PC" duration="00:00:00.0054759" startTime="2016-12-23T02:57:22.3947281+03:00" endTime="2016-12-23T02:57:22.4047286+03:00" testType="13cdc9d9-ddb5-4fa4-a97d-d965ccfc6d4b" outcome="Passed" testListId="8c84fa94-04c1-424b-9868-57a2d4851a1d" relativeResultsDirectory="8b0b299e-8b09-4f08-8346-33819f1b4942">
    </UnitTestResult>
  </Results>
</TestRun>