<?xml version="1.0" encoding="UTF-8"?>
<TestRun id="31f49d33-5d6b-4824-8213-0013d6c6095c" name="Vladimir@VLADIMIR-PC 2016-12-23 02:55:45" runUser="Vladimir-PC\Vladimir" xmlns="http://microsoft.com/schemas/VisualStudio/TeamTest/2010">
  <TestSettings name="Локальные" id="2d257222-2a9f-40e2-bef8-b16aafb5583c">
    <Description>Это - параметры по умолчанию для локального тестового запуска.</Description>
    <Deployment enabled="false" runDeploymentRoot="Vladimir_VLADIMIR-PC 2016-12-23 02_55_45">
      <DeploymentItem filename="C:\Users\Vladimir\Desktop\БАРКОВ\CryptoLibrary\CryptoLibrary\bin\Debug\CryptoLibrary.dll" />
    </Deployment>
    <Execution>
      <TestTypeSpecific />
      <AgentRule name="Execution Agents">
      </AgentRule>
    </Execution>
  </TestSettings>
  <Times creation="2016-12-23T02:55:45.0641611+03:00" queuing="2016-12-23T02:55:47.8533206+03:00" start="2016-12-23T02:55:47.9983289+03:00" finish="2016-12-23T02:56:31.3248070+03:00" />
  <ResultSummary outcome="Error">
    <Counters total="4" executed="1" error="0" failed="0" timeout="0" aborted="1" inconclusive="0" passedButRunAborted="0" notRunnable="0" notExecuted="3" disconnected="0" warning="0" passed="0" completed="0" inProgress="0" pending="0" />
    <RunInfos>
      <RunInfo computerName="VLADIMIR-PC" outcome="Error" timestamp="2016-12-23T02:56:31.3168066+03:00">
        <Text>Test host process exited unexpectedly.</Text>
      </RunInfo>
    </RunInfos>
  </ResultSummary>
  <TestDefinitions>
    <UnitTest name="EncryptDecryptLongStringElGamal" storage="c:\users\vladimir\desktop\барков\cryptolibrary\cryptolibrary.md5test\bin\debug\cryptolibrary.md5test.dll" id="2f538d63-45cb-cccd-62e4-d2b6b3a05e9a">
      <Execution id="8a21c0c2-9dee-4bbd-9697-d5892a3b2ba5" />
      <TestMethod codeBase="C:/Users/Vladimir/Desktop/БАРКОВ/CryptoLibrary/CryptoLibrary.MD5Test/bin/Debug/CryptoLibrary.MD5Test.DLL" adapterTypeName="Microsoft.VisualStudio.TestTools.TestTypes.Unit.UnitTestAdapter, Microsoft.VisualStudio.QualityTools.Tips.UnitTest.Adapter, Version=10.0.0.0, Culture=neutral, PublicKeyToken=b03f5f7f11d50a3a" className="CryptoLibrary.MD5Test.ElGamalTest, CryptoLibrary.MD5Test, Version=1.0.0.0, Culture=neutral, PublicKeyToken=null" name="EncryptDecryptLongStringElGamal" />
    </UnitTest>
    <UnitTest name="EncryptDecryptMD5" storage="c:\users\vladimir\desktop\барков\cryptolibrary\cryptolibrary.md5test\bin\debug\cryptolibrary.md5test.dll" id="4af888af-a773-4a38-b045-1b4ef84d010f">
      <Execution id="c93cf418-2d4e-487a-a6db-e6e343685633" />
      <TestMethod codeBase="C:/Users/Vladimir/Desktop/БАРКОВ/CryptoLibrary/CryptoLibrary.MD5Test/bin/Debug/CryptoLibrary.MD5Test.DLL" adapterTypeName="Microsoft.VisualStudio.TestTools.TestTypes.Unit.UnitTestAdapter, Microsoft.VisualStudio.QualityTools.Tips.UnitTest.Adapter, Version=10.0.0.0, Culture=neutral, PublicKeyToken=b03f5f7f11d50a3a" className="CryptoLibrary.Tests.MD5Test, CryptoLibrary.MD5Test, Version=1.0.0.0, Culture=neutral, PublicKeyToken=null" name="EncryptDecryptMD5" />
    </UnitTest>
    <UnitTest name="EncryptDecryptShortStringElGamal" storage="c:\users\vladimir\desktop\барков\cryptolibrary\cryptolibrary.md5test\bin\debug\cryptolibrary.md5test.dll" id="302c72cd-3cc0-89f7-058d-c9f35f2c78cb">
      <Execution id="9c6173fc-aefa-402b-8be2-c3a6995e00f5" />
      <TestMethod codeBase="C:/Users/Vladimir/Desktop/БАРКОВ/CryptoLibrary/CryptoLibrary.MD5Test/bin/Debug/CryptoLibrary.MD5Test.DLL" adapterTypeName="Microsoft.VisualStudio.TestTools.TestTypes.Unit.UnitTestAdapter, Microsoft.VisualStudio.QualityTools.Tips.UnitTest.Adapter, Version=10.0.0.0, Culture=neutral, PublicKeyToken=b03f5f7f11d50a3a" className="CryptoLibrary.MD5Test.ElGamalTest, CryptoLibrary.MD5Test, Version=1.0.0.0, Culture=neutral, PublicKeyToken=null" name="EncryptDecryptShortStringElGamal" />
    </UnitTest>
    <UnitTest name="EncryptDecryptEqualsElGamal" storage="c:\users\vladimir\desktop\барков\cryptolibrary\cryptolibrary.md5test\bin\debug\cryptolibrary.md5test.dll" id="08dc326f-08f9-b97f-4a06-d92747abf8ba">
      <Execution id="dd5d287f-97fa-4222-8791-660c9bc209c9" />
      <TestMethod codeBase="C:/Users/Vladimir/Desktop/БАРКОВ/CryptoLibrary/CryptoLibrary.MD5Test/bin/Debug/CryptoLibrary.MD5Test.DLL" adapterTypeName="Microsoft.VisualStudio.TestTools.TestTypes.Unit.UnitTestAdapter, Microsoft.VisualStudio.QualityTools.Tips.UnitTest.Adapter, Version=10.0.0.0, Culture=neutral, PublicKeyToken=b03f5f7f11d50a3a" className="CryptoLibrary.MD5Test.ElGamalTest, CryptoLibrary.MD5Test, Version=1.0.0.0, Culture=neutral, PublicKeyToken=null" name="EncryptDecryptEqualsElGamal" />
    </UnitTest>
  </TestDefinitions>
  <TestLists>
    <TestList name="Отсутствующие в списке результаты" id="8c84fa94-04c1-424b-9868-57a2d4851a1d" />
    <TestList name="Все загруженные результаты" id="19431567-8539-422a-85d7-44ee4e166bda" />
  </TestLists>
  <TestEntries>
    <TestEntry testId="08dc326f-08f9-b97f-4a06-d92747abf8ba" executionId="dd5d287f-97fa-4222-8791-660c9bc209c9" testListId="8c84fa94-04c1-424b-9868-57a2d4851a1d" />
    <TestEntry testId="2f538d63-45cb-cccd-62e4-d2b6b3a05e9a" executionId="8a21c0c2-9dee-4bbd-9697-d5892a3b2ba5" testListId="8c84fa94-04c1-424b-9868-57a2d4851a1d" />
    <TestEntry testId="302c72cd-3cc0-89f7-058d-c9f35f2c78cb" executionId="9c6173fc-aefa-402b-8be2-c3a6995e00f5" testListId="8c84fa94-04c1-424b-9868-57a2d4851a1d" />
    <TestEntry testId="4af888af-a773-4a38-b045-1b4ef84d010f" executionId="c93cf418-2d4e-487a-a6db-e6e343685633" testListId="8c84fa94-04c1-424b-9868-57a2d4851a1d" />
  </TestEntries>
  <Results>
    <UnitTestResult executionId="dd5d287f-97fa-4222-8791-660c9bc209c9" testId="08dc326f-08f9-b97f-4a06-d92747abf8ba" testName="EncryptDecryptEqualsElGamal" computerName="VLADIMIR-PC" duration="00:00:43.1584685" startTime="2016-12-23T02:55:48.1663385+03:00" endTime="2016-12-23T02:56:31.3248070+03:00" testType="13cdc9d9-ddb5-4fa4-a97d-d965ccfc6d4b" outcome="Aborted" testListId="8c84fa94-04c1-424b-9868-57a2d4851a1d" relativeResultsDirectory="dd5d287f-97fa-4222-8791-660c9bc209c9">
    </UnitTestResult>
    <UnitTestResult executionId="8a21c0c2-9dee-4bbd-9697-d5892a3b2ba5" testId="2f538d63-45cb-cccd-62e4-d2b6b3a05e9a" testName="EncryptDecryptLongStringElGamal" computerName="VLADIMIR-PC" testType="13cdc9d9-ddb5-4fa4-a97d-d965ccfc6d4b" outcome="NotExecuted" testListId="8c84fa94-04c1-424b-9868-57a2d4851a1d" relativeResultsDirectory="8a21c0c2-9dee-4bbd-9697-d5892a3b2ba5">
    </UnitTestResult>
    <UnitTestResult executionId="9c6173fc-aefa-402b-8be2-c3a6995e00f5" testId="302c72cd-3cc0-89f7-058d-c9f35f2c78cb" testName="EncryptDecryptShortStringElGamal" computerName="VLADIMIR-PC" testType="13cdc9d9-ddb5-4fa4-a97d-d965ccfc6d4b" outcome="NotExecuted" testListId="8c84fa94-04c1-424b-9868-57a2d4851a1d" relativeResultsDirectory="9c6173fc-aefa-402b-8be2-c3a6995e00f5">
    </UnitTestResult>
    <UnitTestResult executionId="c93cf418-2d4e-487a-a6db-e6e343685633" testId="4af888af-a773-4a38-b045-1b4ef84d010f" testName="EncryptDecryptMD5" computerName="VLADIMIR-PC" testType="13cdc9d9-ddb5-4fa4-a97d-d965ccfc6d4b" outcome="NotExecuted" testListId="8c84fa94-04c1-424b-9868-57a2d4851a1d" relativeResultsDirectory="c93cf418-2d4e-487a-a6db-e6e343685633">
    </UnitTestResult>
  </Results>
</TestRun>